<?xml version="1.0" encoding="UTF-8"?>
<!-- Generated by org.testng.reporters.JUnitReportReporter -->
<testsuite hostname="LAPTOP-FAL6AE0F" failures="0" tests="5" name="com.test.LoginTestOne" time="70.314" errors="0" timestamp="2023-08-16T16:42:50 IST" skipped="0">
  <testcase classname="com.test.LoginTestOne" name="testValidLoginUser_1" time="10.093"/>
  <system-out/>
  <testcase classname="com.test.LoginTestOne" name="testValidLoginUser_2" time="15.059"/>
  <system-out/>
  <testcase classname="com.test.LoginTestOne" name="testValidLoginUser_3" time="24.034"/>
  <system-out/>
  <testcase classname="com.test.LoginTestOne" name="testValidLoginUser_4" time="12.082"/>
  <system-out/>
  <testcase classname="com.test.LoginTestOne" name="testInvalidLogin" time="9.046"/>
  <system-out/>
</testsuite> <!-- com.test.LoginTestOne -->
