<?xml version="1.0" encoding="UTF-8"?>
<!-- Generated by org.testng.reporters.JUnitReportReporter -->
<testsuite hostname="LAPTOP-FAL6AE0F" failures="0" tests="2" name="com.test.LoginTestOne" time="50.028" errors="0" timestamp="2023-08-09T15:35:43 IST" skipped="0">
  <testcase classname="com.test.LoginTestOne" name="testValidLogin" time="37.008"/>
  <system-out/>
  <testcase classname="com.test.LoginTestOne" name="testInvalidLogin" time="13.020"/>
  <system-out/>
</testsuite> <!-- com.test.LoginTestOne -->
