<?xml version="1.0" encoding="UTF-8"?>
<!-- Generated by org.testng.reporters.JUnitReportReporter -->
<testsuite hostname="DESKTOP-9RRSD5S" failures="0" tests="1" name="com.test.Test" time="30.489" errors="0" timestamp="2023-06-23T21:28:30 IST" skipped="0">
  <testcase classname="com.test.Test" name="testFirstNameField" time="30.489"/>
  <system-out/>
</testsuite> <!-- com.test.Test -->
